<?xml version="1.0" encoding="UTF-8"?>
<testng-results skipped="1" failed="0" total="1" passed="0">
  <reporter-output>
  </reporter-output>
  <suite name="Suite" duration-ms="612492" started-at="2017-02-13T08:05:45Z" finished-at="2017-02-13T08:15:57Z">
    <groups>
    </groups>
    <test name="demo" duration-ms="612492" started-at="2017-02-13T08:05:45Z" finished-at="2017-02-13T08:15:57Z">
      <class name="com.mistong.testcases.login.Login_002_LoginSuccessFunction_Test">
        <test-method status="PASS" signature="beforeTest()[pri:0, instance:com.mistong.testcases.login.Login_002_LoginSuccessFunction_Test@2038ae61]" name="beforeTest" is-config="true" duration-ms="31" started-at="2017-02-13T16:05:45Z" finished-at="2017-02-13T16:05:45Z">
          <reporter-output>
          </reporter-output>
        </test-method> <!-- beforeTest -->
        <test-method status="FAIL" signature="startTest(org.testng.ITestContext)[pri:0, instance:com.mistong.testcases.login.Login_002_LoginSuccessFunction_Test@2038ae61]" name="startTest" is-config="true" duration-ms="0" started-at="2017-02-13T16:05:45Z" finished-at="2017-02-13T16:05:45Z">
          <params>
            <param index="0">
              <value>
                <![CDATA[org.testng.TestRunner@f09733f]]>
              </value>
            </param>
          </params>
          <exception class="org.openqa.selenium.SessionNotCreatedException">
            <message>
              <![CDATA[A new session could not be created. (Original error: Requested a new session but one was in progress) (WARNING: The server did not provide any stacktrace information)
Command duration or timeout: 602.15 seconds
Build info: version: '2.53.0', revision: '35ae25b1534ae328c771e0856c93e187490ca824', time: '2016-03-15 10:43:46'
System info: host: 'YY', ip: '172.16.12.118', os.name: 'Windows 7', os.arch: 'amd64', os.version: '6.1', java.version: '1.8.0_91'
Driver info: io.appium.java_client.android.AndroidDriver]]>
            </message>
            <full-stacktrace>
              <![CDATA[org.openqa.selenium.SessionNotCreatedException: A new session could not be created. (Original error: Requested a new session but one was in progress) (WARNING: The server did not provide any stacktrace information)
Command duration or timeout: 602.15 seconds
Build info: version: '2.53.0', revision: '35ae25b1534ae328c771e0856c93e187490ca824', time: '2016-03-15 10:43:46'
System info: host: 'YY', ip: '172.16.12.118', os.name: 'Windows 7', os.arch: 'amd64', os.version: '6.1', java.version: '1.8.0_91'
Driver info: io.appium.java_client.android.AndroidDriver
	at sun.reflect.NativeConstructorAccessorImpl.newInstance0(Native Method)
	at sun.reflect.NativeConstructorAccessorImpl.newInstance(NativeConstructorAccessorImpl.java:62)
	at sun.reflect.DelegatingConstructorAccessorImpl.newInstance(DelegatingConstructorAccessorImpl.java:45)
	at java.lang.reflect.Constructor.newInstance(Constructor.java:423)
	at org.openqa.selenium.remote.ErrorHandler.createThrowable(ErrorHandler.java:206)
	at org.openqa.selenium.remote.ErrorHandler.throwIfResponseFailed(ErrorHandler.java:158)
	at org.openqa.selenium.remote.RemoteWebDriver.execute(RemoteWebDriver.java:678)
	at io.appium.java_client.DefaultGenericMobileDriver.execute(DefaultGenericMobileDriver.java:51)
	at io.appium.java_client.AppiumDriver.execute(AppiumDriver.java:1)
	at io.appium.java_client.android.AndroidDriver.execute(AndroidDriver.java:1)
	at org.openqa.selenium.remote.RemoteWebDriver.startSession(RemoteWebDriver.java:249)
	at org.openqa.selenium.remote.RemoteWebDriver.<init>(RemoteWebDriver.java:131)
	at org.openqa.selenium.remote.RemoteWebDriver.<init>(RemoteWebDriver.java:144)
	at io.appium.java_client.DefaultGenericMobileDriver.<init>(DefaultGenericMobileDriver.java:47)
	at io.appium.java_client.AppiumDriver.<init>(AppiumDriver.java:114)
	at io.appium.java_client.AppiumDriver.<init>(AppiumDriver.java:132)
	at io.appium.java_client.android.AndroidDriver.<init>(AndroidDriver.java:97)
	at com.mistong.util.SeleniumUtil.launchAndroidDriver(SeleniumUtil.java:186)
	at com.mistong.base.BaseParpare.startTest(BaseParpare.java:82)
	at sun.reflect.NativeMethodAccessorImpl.invoke0(Native Method)
	at sun.reflect.NativeMethodAccessorImpl.invoke(NativeMethodAccessorImpl.java:62)
	at sun.reflect.DelegatingMethodAccessorImpl.invoke(DelegatingMethodAccessorImpl.java:43)
	at java.lang.reflect.Method.invoke(Method.java:498)
	at org.testng.internal.MethodInvocationHelper.invokeMethod(MethodInvocationHelper.java:86)
	at org.testng.internal.Invoker.invokeConfigurationMethod(Invoker.java:514)
	at org.testng.internal.Invoker.invokeConfigurations(Invoker.java:215)
	at org.testng.internal.Invoker.invokeConfigurations(Invoker.java:142)
	at org.testng.internal.TestMethodWorker.invokeBeforeClassMethods(TestMethodWorker.java:178)
	at org.testng.internal.TestMethodWorker.run(TestMethodWorker.java:108)
	at org.testng.TestRunner.privateRun(TestRunner.java:782)
	at org.testng.TestRunner.run(TestRunner.java:632)
	at org.testng.SuiteRunner.runTest(SuiteRunner.java:366)
	at org.testng.SuiteRunner.runSequentially(SuiteRunner.java:361)
	at org.testng.SuiteRunner.privateRun(SuiteRunner.java:319)
	at org.testng.SuiteRunner.run(SuiteRunner.java:268)
	at org.testng.SuiteRunnerWorker.runSuite(SuiteRunnerWorker.java:52)
	at org.testng.SuiteRunnerWorker.run(SuiteRunnerWorker.java:86)
	at org.testng.TestNG.runSuitesSequentially(TestNG.java:1244)
	at org.testng.TestNG.runSuitesLocally(TestNG.java:1169)
	at org.testng.TestNG.run(TestNG.java:1064)
	at org.testng.remote.AbstractRemoteTestNG.run(AbstractRemoteTestNG.java:126)
	at org.testng.remote.RemoteTestNG.initAndRun(RemoteTestNG.java:137)
	at org.testng.remote.RemoteTestNG.main(RemoteTestNG.java:58)
]]>
            </full-stacktrace>
          </exception> <!-- org.openqa.selenium.SessionNotCreatedException -->
          <reporter-output>
          </reporter-output>
        </test-method> <!-- startTest -->
        <test-method status="SKIP" signature="AfterTest()[pri:0, instance:com.mistong.testcases.login.Login_002_LoginSuccessFunction_Test@2038ae61]" name="AfterTest" is-config="true" duration-ms="0" started-at="2017-02-13T16:15:57Z" finished-at="2017-02-13T16:15:57Z">
          <reporter-output>
          </reporter-output>
        </test-method> <!-- AfterTest -->
        <test-method status="SKIP" signature="endTest()[pri:0, instance:com.mistong.testcases.login.Login_002_LoginSuccessFunction_Test@2038ae61]" name="endTest" is-config="true" duration-ms="0" started-at="2017-02-13T16:15:57Z" finished-at="2017-02-13T16:15:57Z">
          <reporter-output>
          </reporter-output>
        </test-method> <!-- endTest -->
        <test-method status="SKIP" signature="LoginSuccessFunction()[pri:0, instance:com.mistong.testcases.login.Login_002_LoginSuccessFunction_Test@2038ae61]" name="LoginSuccessFunction" duration-ms="0" started-at="2017-02-13T16:15:57Z" finished-at="2017-02-13T16:15:57Z">
          <reporter-output>
          </reporter-output>
        </test-method> <!-- LoginSuccessFunction -->
      </class> <!-- com.mistong.testcases.login.Login_002_LoginSuccessFunction_Test -->
    </test> <!-- demo -->
  </suite> <!-- Suite -->
</testng-results>
